<?xml version="1.0" encoding="UTF-8"?>
<!-- Generated by org.testng.reporters.JUnitReportReporter -->
<testsuite skipped="0" hostname="SAGAR" name="com.calculator.OnlineCalculator" tests="4" failures="0" timestamp="05 Mar 2021 05:38:27 GMT" time="16.606" errors="0">
  <testcase name="multiplication" time="4.331" classname="com.calculator.OnlineCalculator"/>
  <testcase name="division" time="3.802" classname="com.calculator.OnlineCalculator"/>
  <testcase name="addition" time="4.128" classname="com.calculator.OnlineCalculator"/>
  <testcase name="subtraction" time="4.345" classname="com.calculator.OnlineCalculator"/>
</testsuite> <!-- com.calculator.OnlineCalculator -->
